GPU Mem: [3]
Greedy select GPU, select GPU 0 with mem: 3
[*] Run ID 42: seed=42, split_index=0
    Starting now: 2026-06-27 04:54:55.116751
[*] Loaded dataset 'Small-HI' from 'AML':
  HeteroData(
  node={
    x=[515088, 1],
    num_nodes=515088,
  },
  (node, to, node)={
    edge_index=[2, 3248921],
    edge_attr=[3248921, 6],
    y=[3248921],
    timestamps=[3248921],
    split_mask=[3248921],
  }
)
  num graphs: 3
  avg num_nodes/graph: 171696
  num node features: {'node': 1}
  num edge features: {('node', 'to', 'node'): 6}
GTModel(
  (input_drop): Dropout(p=0.0, inplace=False)
  (activation): GELU(approximate='none')
  (encoder): FeatureEncoder(
    (node_encoder): HeteroRawNodeEncoder(
      (linear): ModuleDict(
        (node): Linear(in_features=2, out_features=64, bias=True)
      )
      (encoder): ModuleDict()
    )
    (edge_encoder): HeteroRawEdgeEncoder(
      (linear): ModuleDict(
        (node__to__node): Linear(in_features=6, out_features=64, bias=True)
      )
    )
  )
  (convs): ModuleList(
    (0-1): 2 x GTLayer(
      (activation): GELU(approximate='none')
      (skip_local): ParameterDict(  (node): Parameter containing: [torch.cuda.FloatTensor of size 1 (cuda:0)])
      (skip_global): ParameterDict(  (node): Parameter containing: [torch.cuda.FloatTensor of size 1 (cuda:0)])
      (k_lin): ModuleDict(
        (node): Linear(64, 64, bias=True)
      )
      (q_lin): ModuleDict(
        (node): Linear(64, 64, bias=True)
      )
      (v_lin): ModuleDict(
        (node): Linear(64, 64, bias=True)
      )
      (e_lin): ModuleDict(
        (node__to__node): Linear(64, 64, bias=True)
      )
      (g_lin): ModuleDict(
        (node__to__node): Linear(64, 64, bias=True)
      )
      (oe_lin): ModuleDict(
        (node__to__node): Linear(64, 64, bias=True)
      )
      (o_lin): ModuleDict(
        (node): Linear(64, 64, bias=True)
      )
      (norm1_local): ModuleDict(
        (node): LayerNorm((64,), eps=1e-05, elementwise_affine=True)
      )
      (norm1_global): ModuleDict(
        (node): LayerNorm((64,), eps=1e-05, elementwise_affine=True)
      )
      (norm2_ffn): ModuleDict(
        (node): LayerNorm((64,), eps=1e-05, elementwise_affine=True)
      )
      (project): ModuleDict(
        (node): Linear(128, 64, bias=True)
      )
      (norm1_edge_local): ModuleDict(
        (node__to__node): LayerNorm((64,), eps=1e-05, elementwise_affine=True)
      )
      (norm1_edge_global): ModuleDict(
        (node__to__node): LayerNorm((64,), eps=1e-05, elementwise_affine=True)
      )
      (norm2_edge_ffn): ModuleDict()
      (dropout_local): Dropout(p=0.2, inplace=False)
      (dropout_global): Dropout(p=0.2, inplace=False)
      (dropout_attn): Dropout(p=0.3, inplace=False)
      (ff_linear1_type): ModuleDict(
        (node): Linear(in_features=64, out_features=128, bias=True)
      )
      (ff_linear2_type): ModuleDict(
        (node): Linear(in_features=128, out_features=64, bias=True)
      )
      (ff_linear1_edge_type): ModuleDict(
        (node__to__node): Linear(in_features=64, out_features=128, bias=True)
      )
      (ff_linear2_edge_type): ModuleDict(
        (node__to__node): Linear(in_features=128, out_features=64, bias=True)
      )
      (ff_dropout1): Dropout(p=0.2, inplace=False)
      (ff_dropout2): Dropout(p=0.2, inplace=False)
    )
  )
  (norms): ModuleList(
    (0-1): 2 x ModuleDict(
      (node): LayerNorm((64,), eps=1e-05, elementwise_affine=True)
    )
  )
  (post_gt): HeteroGNNEdgeHead(
    (layer_post_mp): MLP(
      (model): Sequential(
        (0): GeneralMultiLayer(
          (Layer_0): GeneralLayer(
            (layer): Linear(
              (model): Linear(in_features=192, out_features=192, bias=True)
            )
            (post_layer): Sequential(
              (0): Dropout(p=0.2, inplace=False)
              (1): ReLU()
            )
          )
        )
        (1): Linear(
          (model): Linear(in_features=192, out_features=1, bias=True)
        )
      )
    )
  )
)
bn:
  eps: 1e-05
  mom: 0.1
cfg_dest: config.yaml
custom_metrics: []
dataset:
  add_ports: True
  augment_feature: []
  augment_feature_dims: []
  augment_feature_repr: original
  augment_label: 
  augment_label_dims: 0
  cache_load: False
  cache_save: False
  dir: ./data
  edge_dim: 128
  edge_encoder: True
  edge_encoder_bn: False
  edge_encoder_name: Hetero_Raw
  edge_encoder_num_types: 0
  edge_message_ratio: 0.8
  edge_negative_sampling_ratio: 1.0
  edge_train_mode: all
  encoder: True
  encoder_bn: True
  encoder_dim: 128
  encoder_name: db
  format: AML
  infer_link_label: None
  label_column: none
  label_table: none
  location: local
  name: Small-HI
  node_encoder: True
  node_encoder_bn: False
  node_encoder_name: Hetero_Raw
  node_encoder_num_types: 0
  rand_split: False
  remove_feature: False
  resample_disjoint: False
  resample_negative: False
  reverse_mp: False
  shuffle_split: True
  slic_compactness: 10
  split: [0.8, 0.1, 0.1]
  split_dir: ./splits
  split_index: 0
  split_mode: standard
  task: hetero_edge
  task_entity: ('node', 'to', 'node')
  task_type: classification
  to_undirected: False
  transductive: True
  transform: none
  tu_simple: True
device: cuda:0
example_arg: example
example_group:
  example_arg: example
gnn:
  A_embed: True
  K: 10
  act: relu
  agg: add
  alpha: 0.1
  attn_dropout: 0.0
  attn_final_linear: False
  attn_final_linear_bn: False
  attn_heads: 1
  batch_norm: False
  batchnorm: False
  clear_feature: True
  dim_edge: 64
  dim_inner: 16
  dropout: 0.2
  edge_updates: False
  flow: source_to_target
  head: hetero_edge
  hops: 7
  input_dropout: 0.0
  jumping_knowledge: False
  keep_edge: 0.5
  l2norm: True
  layer_norm: False
  layer_type: generalconv
  layers_mp: 2
  layers_post_mp: 1
  layers_pre_mp: 0
  msg_direction: single
  normalize_adj: False
  output_l2_norm: False
  residual: True
  self_msg: concat
  skip_every: 1
  stage_type: stack
  use_linear: False
gpu_mem: False
gt:
  act: gelu
  attn_dropout: 0.3
  attn_heads: 8
  attn_mask: Edge
  batch_norm: False
  dim_hidden: 64
  dropout: 0.2
  edge_weight: True
  ffn: Type
  full_graph: True
  gamma: 1e-05
  head: hetero_edge
  hops: 2
  input_dropout: 0.0
  jumping_knowledge: False
  l2_norm: False
  layer_norm: True
  layer_type: SparseNodeTransformer
  layers: 2
  layers_post_gt: 2
  layers_pre_gt: 0
  pna_degrees: []
  residual: Fixed
  virtual_nodes: 0
mem:
  inplace: False
metric_agg: argmax
metric_best: f1
model:
  edge_decoding: dot
  graph_pooling: mean
  loss_fun: weighted_cross_entropy
  loss_fun_weight: [1, 6]
  match_upper: True
  size_average: mean
  thresh: 0.5
  type: GTModel
name_tag: 
num_threads: 24
num_workers: 18
optim:
  base_lr: 0.001
  batch_accumulation: 8
  clip_grad_norm: True
  clip_grad_norm_value: 1.0
  lr_decay: 0.1
  max_epoch: 500
  min_lr: 0.0
  momentum: 0.9
  num_warmup_epochs: 5
  optimizer: adamW
  reduce_factor: 0.1
  schedule_patience: 10
  scheduler: cosine_with_warmup
  steps: [30, 60, 90]
  weight_decay: 1e-05
out_dir: ./results/AML-Small-HI/AML-Small-HI-SparseNodeGT+ports+Ego
posenc_ElstaticSE:
  dim_pe: 16
  enable: False
  kernel:
    times: []
    times_func: range(10)
  layers: 3
  model: none
  n_heads: 4
  pass_as_var: False
  post_layers: 0
  raw_norm_type: none
posenc_EquivStableLapPE:
  eigen:
    eigvec_norm: L2
    laplacian_norm: sym
    max_freqs: 10
  enable: False
  raw_norm_type: none
posenc_HKdiagSE:
  dim_pe: 16
  enable: False
  kernel:
    times: []
    times_func: 
  layers: 3
  model: none
  n_heads: 4
  pass_as_var: False
  post_layers: 0
  raw_norm_type: none
posenc_Hetero_ComplEx:
  dim_pe: 16
  enable: False
  layers: 3
  model: none
  n_heads: 4
  pass_as_var: False
  post_layers: 0
  raw_norm_type: none
posenc_Hetero_DistMult:
  dim_pe: 16
  enable: False
  layers: 3
  model: none
  n_heads: 4
  pass_as_var: False
  post_layers: 0
  raw_norm_type: none
posenc_Hetero_GNN:
  act: relu
  agg: mean
  attn_dropout: 0.0
  batch_norm: False
  dim_pe: 16
  dropout: 0.0
  enable: False
  input_dropout: 0.0
  layer_norm: False
  layers: 3
  model: none
  n_heads: 4
  pass_as_var: False
  post_layers: 0
  pre_layers: 0
  raw_norm_type: none
posenc_Hetero_Label:
  dim_pe: 16
  enable: False
  layers: 3
  model: none
  n_heads: 4
  pass_as_var: False
  post_layers: 0
  raw_norm_type: none
posenc_Hetero_Metapath:
  dim_pe: 16
  enable: False
  layers: 3
  model: none
  n_heads: 4
  pass_as_var: False
  post_layers: 0
  raw_norm_type: none
posenc_Hetero_Node2Vec:
  dim_pe: 16
  enable: False
  layers: 3
  model: none
  n_heads: 4
  pass_as_var: False
  post_layers: 0
  raw_norm_type: none
posenc_Hetero_RWSE:
  dim_pe: 16
  enable: False
  kernel:
    times: []
    times_func: 
  layers: 3
  model: none
  n_heads: 4
  pass_as_var: False
  post_layers: 0
  raw_norm_type: none
posenc_Hetero_SDAB:
  dim_pe: 0
  enable: False
  enable_path: False
  node_degrees_only: False
  num_spatial_types: 0
posenc_Hetero_SDPE:
  dim_pe: 0
  enable: False
  num_spatial_types: 0
posenc_Hetero_TransE:
  dim_pe: 16
  enable: False
  layers: 3
  model: none
  n_heads: 4
  pass_as_var: False
  post_layers: 0
  raw_norm_type: none
posenc_Hetero_kHopAB:
  dim_pe: 0
  enable: False
  num_spatial_types: 0
posenc_Hetero_kHopAug:
  dim_pe: 0
  enable: False
  num_spatial_types: 0
posenc_Homo_GNN:
  act: relu
  agg: mean
  attn_dropout: 0.0
  batch_norm: False
  dim_pe: 16
  dropout: 0.0
  enable: False
  input_dropout: 0.0
  layer_norm: False
  layers: 3
  model: none
  n_heads: 4
  pass_as_var: False
  post_layers: 0
  pre_layers: 0
  raw_norm_type: none
posenc_LapPE:
  dim_pe: 16
  eigen:
    eigvec_norm: L2
    laplacian_norm: sym
    max_freqs: 10
  enable: False
  layers: 3
  model: none
  n_heads: 4
  pass_as_var: False
  post_layers: 0
  raw_norm_type: none
posenc_RWSE:
  dim_pe: 16
  enable: False
  kernel:
    times: []
    times_func: 
  layers: 3
  model: none
  n_heads: 4
  pass_as_var: False
  post_layers: 0
  raw_norm_type: none
posenc_SignNet:
  dim_pe: 16
  eigen:
    eigvec_norm: L2
    laplacian_norm: sym
    max_freqs: 10
  enable: False
  layers: 3
  model: none
  n_heads: 4
  pass_as_var: False
  phi_hidden_dim: 64
  phi_out_dim: 4
  post_layers: 0
  raw_norm_type: none
pretrained:
  dir: 
  freeze_main: False
  reset_prediction_head: True
print: both
round: 5
run_dir: ./results/AML-Small-HI/AML-Small-HI-SparseNodeGT+ports+Ego/42
run_id: 42
run_multiple_splits: []
seed: 42
share:
  dim_in:
    node: 1
    node__to__node: 6
  dim_out: 2
  num_splits: 3
tensorboard_agg: True
tensorboard_each_run: False
train:
  add_ego_id: True
  auto_resume: False
  batch_size: 2048
  ckpt_best: False
  ckpt_clean: True
  ckpt_period: 5
  enable_ckpt: True
  epoch_resume: -1
  eval_period: 4
  iter_per_epoch: 256
  mode: custom
  neighbor_sizes: [50, 50]
  neighbor_sizes_dict: 
  node_per_graph: 32
  num_parts: 10
  persistent_workers: True
  pin_memory: True
  radius: extend
  sample_node: False
  sampler: link_neighbor
  skip_train_eval: False
  tqdm: True
  walk_length: 4
val:
  iter_per_epoch: 256
  node_per_graph: 32
  radius: extend
  sample_node: False
  sampler: link_neighbor
  tqdm: True
view_emb: False
wandb:
  entity: junhonghust
  name: 
  project: unifiedGT
  use: False
Num parameters: 182569
Start from epoch 0
train: {'epoch': 0, 'time_epoch': 69.5877, 'eta': 34724.26201, 'eta_hours': 9.64563, 'loss': 1.04510215, 'lr': 0.0, 'params': 182569, 'time_iter': 0.27183, 'accuracy': 0.55328, 'precision': 0.00099, 'recall': 0.59948, 'f1': 0.00198, 'macro-f1': 0.35711, 'micro-f1': 0.55328, 'auc': 0.57698}
...computing epoch stats took: 0.28s
val: {'epoch': 0, 'time_epoch': 18.13385, 'loss': 0.73191356, 'lr': 0, 'params': 182569, 'time_iter': 0.07084, 'accuracy': 0.25448, 'precision': 0.00111, 'recall': 0.77917, 'f1': 0.00222, 'macro-f1': 0.20357, 'micro-f1': 0.25448, 'auc': 0.65668}
...computing epoch stats took: 0.47s
test: {'epoch': 0, 'time_epoch': 20.97528, 'loss': 0.73598447, 'lr': 0, 'params': 182569, 'time_iter': 0.08193, 'accuracy': 0.25906, 'precision': 0.00205, 'recall': 0.81677, 'f1': 0.00408, 'macro-f1': 0.20709, 'micro-f1': 0.25906, 'auc': 0.7018}
...computing epoch stats took: 0.65s
> Epoch 0: took 139.0s (avg 139.0s) | Best so far: epoch 0	train_loss: 1.0451 train_f1: 0.0020	val_loss: 0.7319 val_f1: 0.0022	test_loss: 0.7360 test_f1: 0.0041
train: {'epoch': 1, 'time_epoch': 69.82624, 'eta': 34714.07063, 'eta_hours': 9.6428, 'loss': 0.39023651, 'lr': 0.0002, 'params': 182569, 'time_iter': 0.27276, 'accuracy': 0.98213, 'precision': 0.00123, 'recall': 0.02472, 'f1': 0.00235, 'macro-f1': 0.49667, 'micro-f1': 0.98213, 'auc': 0.43738}
...computing epoch stats took: 0.18s
train: {'epoch': 2, 'time_epoch': 69.63619, 'eta': 34632.63811, 'eta_hours': 9.62018, 'loss': 0.14870899, 'lr': 0.0004, 'params': 182569, 'time_iter': 0.27202, 'accuracy': 0.9986, 'precision': 0.0, 'recall': 0.0, 'f1': 0.0, 'macro-f1': 0.49965, 'micro-f1': 0.9986, 'auc': 0.54728}
...computing epoch stats took: 0.19s
train: {'epoch': 3, 'time_epoch': 69.54848, 'eta': 34546.22813, 'eta_hours': 9.59617, 'loss': 0.11851607, 'lr': 0.0006, 'params': 182569, 'time_iter': 0.27167, 'accuracy': 0.99784, 'precision': 0.0, 'recall': 0.0, 'f1': 0.0, 'macro-f1': 0.49946, 'micro-f1': 0.99784, 'auc': 0.70677}
val: {'epoch': 3, 'time_epoch': 19.31208, 'loss': 0.05791441, 'lr': 0, 'params': 182569, 'time_iter': 0.07544, 'accuracy': 0.99894, 'precision': 0.0, 'recall': 0.0, 'f1': 0.0, 'macro-f1': 0.49973, 'micro-f1': 0.99894, 'auc': 0.81127}
test: {'epoch': 3, 'time_epoch': 21.76567, 'loss': 0.08690835, 'lr': 0, 'params': 182569, 'time_iter': 0.08502, 'accuracy': 0.99814, 'precision': 0.0, 'recall': 0.0, 'f1': 0.0, 'macro-f1': 0.49953, 'micro-f1': 0.99814, 'auc': 0.8419}
> Epoch 3: took 141.8s (avg 105.2s) | Best so far: epoch 0	train_loss: 1.0451 train_f1: 0.0020	val_loss: 0.7319 val_f1: 0.0022	test_loss: 0.7360 test_f1: 0.0041
train: {'epoch': 4, 'time_epoch': 70.26775, 'eta': 34537.76956, 'eta_hours': 9.59382, 'loss': 0.06795873, 'lr': 0.0008, 'params': 182569, 'time_iter': 0.27448, 'accuracy': 0.99861, 'precision': 0.0, 'recall': 0.0, 'f1': 0.0, 'macro-f1': 0.49965, 'micro-f1': 0.99861, 'auc': 0.7533}
train: {'epoch': 5, 'time_epoch': 70.42551, 'eta': 34521.69744, 'eta_hours': 9.58936, 'loss': 0.03781226, 'lr': 0.001, 'params': 182569, 'time_iter': 0.2751, 'accuracy': 0.99891, 'precision': 0.0, 'recall': 0.0, 'f1': 0.0, 'macro-f1': 0.49973, 'micro-f1': 0.99891, 'auc': 0.82228}
train: {'epoch': 6, 'time_epoch': 84.665, 'eta': 35492.96227, 'eta_hours': 9.85916, 'loss': 0.03904319, 'lr': 0.00099999, 'params': 182569, 'time_iter': 0.33072, 'accuracy': 0.99907, 'precision': 0.0, 'recall': 0.0, 'f1': 0.0, 'macro-f1': 0.49977, 'micro-f1': 0.99907, 'auc': 0.85989}
train: {'epoch': 7, 'time_epoch': 69.76165, 'eta': 35283.68889, 'eta_hours': 9.80102, 'loss': 0.03626613, 'lr': 0.00099996, 'params': 182569, 'time_iter': 0.27251, 'accuracy': 0.9992, 'precision': 0.0, 'recall': 0.0, 'f1': 0.0, 'macro-f1': 0.4998, 'micro-f1': 0.9992, 'auc': 0.87117}
val: {'epoch': 7, 'time_epoch': 19.02335, 'loss': 0.0329834, 'lr': 0, 'params': 182569, 'time_iter': 0.07431, 'accuracy': 0.99894, 'precision': 0.0, 'recall': 0.0, 'f1': 0.0, 'macro-f1': 0.49974, 'micro-f1': 0.99894, 'auc': 0.89265}
test: {'epoch': 7, 'time_epoch': 21.23724, 'loss': 0.04626157, 'lr': 0, 'params': 182569, 'time_iter': 0.08296, 'accuracy': 0.99817, 'precision': 0.0, 'recall': 0.0, 'f1': 0.0, 'macro-f1': 0.49954, 'micro-f1': 0.99817, 'auc': 0.91963}
> Epoch 7: took 140.4s (avg 98.4s) | Best so far: epoch 0	train_loss: 1.0451 train_f1: 0.0020	val_loss: 0.7319 val_f1: 0.0022	test_loss: 0.7360 test_f1: 0.0041
train: {'epoch': 8, 'time_epoch': 70.17749, 'eta': 35128.10449, 'eta_hours': 9.75781, 'loss': 0.02651506, 'lr': 0.00099991, 'params': 182569, 'time_iter': 0.27413, 'accuracy': 0.99921, 'precision': 0.07143, 'recall': 0.00249, 'f1': 0.00481, 'macro-f1': 0.50221, 'micro-f1': 0.99921, 'auc': 0.91037}
train: {'epoch': 9, 'time_epoch': 69.7679, 'eta': 34969.53166, 'eta_hours': 9.71376, 'loss': 0.02582923, 'lr': 0.00099984, 'params': 182569, 'time_iter': 0.27253, 'accuracy': 0.99914, 'precision': 0.25, 'recall': 0.04057, 'f1': 0.06982, 'macro-f1': 0.53469, 'micro-f1': 0.99914, 'auc': 0.89771}
GPU Mem: [3]
Greedy select GPU, select GPU 0 with mem: 3
[*] Run ID 42: seed=42, split_index=0
    Starting now: 2026-06-27 05:40:06.344439
[*] Loaded dataset 'Small-HI' from 'AML':
  HeteroData(
  node={
    x=[515088, 1],
    num_nodes=515088,
  },
  (node, to, node)={
    edge_index=[2, 3248921],
    edge_attr=[3248921, 6],
    y=[3248921],
    timestamps=[3248921],
    split_mask=[3248921],
  }
)
  num graphs: 3
  avg num_nodes/graph: 171696
  num node features: {'node': 1}
  num edge features: {('node', 'to', 'node'): 6}
GTModel(
  (input_drop): Dropout(p=0.0, inplace=False)
  (activation): GELU(approximate='none')
  (encoder): FeatureEncoder(
    (node_encoder): HeteroRawNodeEncoder(
      (linear): ModuleDict(
        (node): Linear(in_features=2, out_features=64, bias=True)
      )
      (encoder): ModuleDict()
    )
    (edge_encoder): HeteroRawEdgeEncoder(
      (linear): ModuleDict(
        (node__to__node): Linear(in_features=6, out_features=64, bias=True)
      )
    )
  )
  (convs): ModuleList(
    (0-1): 2 x GTLayer(
      (activation): GELU(approximate='none')
      (skip_local): ParameterDict(  (node): Parameter containing: [torch.cuda.FloatTensor of size 1 (cuda:0)])
      (skip_global): ParameterDict(  (node): Parameter containing: [torch.cuda.FloatTensor of size 1 (cuda:0)])
      (k_lin): ModuleDict(
        (node): Linear(64, 64, bias=True)
      )
      (q_lin): ModuleDict(
        (node): Linear(64, 64, bias=True)
      )
      (v_lin): ModuleDict(
        (node): Linear(64, 64, bias=True)
      )
      (e_lin): ModuleDict(
        (node__to__node): Linear(64, 64, bias=True)
      )
      (g_lin): ModuleDict(
        (node__to__node): Linear(64, 64, bias=True)
      )
      (oe_lin): ModuleDict(
        (node__to__node): Linear(64, 64, bias=True)
      )
      (o_lin): ModuleDict(
        (node): Linear(64, 64, bias=True)
      )
      (norm1_local): ModuleDict(
        (node): LayerNorm((64,), eps=1e-05, elementwise_affine=True)
      )
      (norm1_global): ModuleDict(
        (node): LayerNorm((64,), eps=1e-05, elementwise_affine=True)
      )
      (norm2_ffn): ModuleDict(
        (node): LayerNorm((64,), eps=1e-05, elementwise_affine=True)
      )
      (project): ModuleDict(
        (node): Linear(128, 64, bias=True)
      )
      (norm1_edge_local): ModuleDict(
        (node__to__node): LayerNorm((64,), eps=1e-05, elementwise_affine=True)
      )
      (norm1_edge_global): ModuleDict(
        (node__to__node): LayerNorm((64,), eps=1e-05, elementwise_affine=True)
      )
      (norm2_edge_ffn): ModuleDict()
      (dropout_local): Dropout(p=0.2, inplace=False)
      (dropout_global): Dropout(p=0.2, inplace=False)
      (dropout_attn): Dropout(p=0.3, inplace=False)
      (ff_linear1_type): ModuleDict(
        (node): Linear(in_features=64, out_features=128, bias=True)
      )
      (ff_linear2_type): ModuleDict(
        (node): Linear(in_features=128, out_features=64, bias=True)
      )
      (ff_linear1_edge_type): ModuleDict(
        (node__to__node): Linear(in_features=64, out_features=128, bias=True)
      )
      (ff_linear2_edge_type): ModuleDict(
        (node__to__node): Linear(in_features=128, out_features=64, bias=True)
      )
      (ff_dropout1): Dropout(p=0.2, inplace=False)
      (ff_dropout2): Dropout(p=0.2, inplace=False)
    )
  )
  (norms): ModuleList(
    (0-1): 2 x ModuleDict(
      (node): LayerNorm((64,), eps=1e-05, elementwise_affine=True)
    )
  )
  (post_gt): HeteroGNNEdgeHead(
    (layer_post_mp): MLP(
      (model): Sequential(
        (0): GeneralMultiLayer(
          (Layer_0): GeneralLayer(
            (layer): Linear(
              (model): Linear(in_features=192, out_features=192, bias=True)
            )
            (post_layer): Sequential(
              (0): Dropout(p=0.2, inplace=False)
              (1): ReLU()
            )
          )
        )
        (1): Linear(
          (model): Linear(in_features=192, out_features=1, bias=True)
        )
      )
    )
  )
)
bn:
  eps: 1e-05
  mom: 0.1
cfg_dest: config.yaml
custom_metrics: []
dataset:
  add_ports: True
  augment_feature: []
  augment_feature_dims: []
  augment_feature_repr: original
  augment_label: 
  augment_label_dims: 0
  cache_load: False
  cache_save: False
  dir: ./data
  edge_dim: 128
  edge_encoder: True
  edge_encoder_bn: False
  edge_encoder_name: Hetero_Raw
  edge_encoder_num_types: 0
  edge_message_ratio: 0.8
  edge_negative_sampling_ratio: 1.0
  edge_train_mode: all
  encoder: True
  encoder_bn: True
  encoder_dim: 128
  encoder_name: db
  format: AML
  infer_link_label: None
  label_column: none
  label_table: none
  location: local
  name: Small-HI
  node_encoder: True
  node_encoder_bn: False
  node_encoder_name: Hetero_Raw
  node_encoder_num_types: 0
  rand_split: False
  remove_feature: False
  resample_disjoint: False
  resample_negative: False
  reverse_mp: False
  shuffle_split: True
  slic_compactness: 10
  split: [0.8, 0.1, 0.1]
  split_dir: ./splits
  split_index: 0
  split_mode: standard
  task: hetero_edge
  task_entity: ('node', 'to', 'node')
  task_type: classification
  to_undirected: False
  transductive: True
  transform: none
  tu_simple: True
device: cuda:0
example_arg: example
example_group:
  example_arg: example
gnn:
  A_embed: True
  K: 10
  act: relu
  agg: add
  alpha: 0.1
  attn_dropout: 0.0
  attn_final_linear: False
  attn_final_linear_bn: False
  attn_heads: 1
  batch_norm: False
  batchnorm: False
  clear_feature: True
  dim_edge: 64
  dim_inner: 16
  dropout: 0.2
  edge_updates: False
  flow: source_to_target
  head: hetero_edge
  hops: 7
  input_dropout: 0.0
  jumping_knowledge: False
  keep_edge: 0.5
  l2norm: True
  layer_norm: False
  layer_type: generalconv
  layers_mp: 2
  layers_post_mp: 1
  layers_pre_mp: 0
  msg_direction: single
  normalize_adj: False
  output_l2_norm: False
  residual: True
  self_msg: concat
  skip_every: 1
  stage_type: stack
  use_linear: False
gpu_mem: False
gt:
  act: gelu
  attn_dropout: 0.3
  attn_heads: 8
  attn_mask: Edge
  batch_norm: False
  dim_hidden: 64
  dropout: 0.2
  edge_weight: True
  ffn: Type
  full_graph: True
  gamma: 1e-05
  head: hetero_edge
  hops: 2
  input_dropout: 0.0
  jumping_knowledge: False
  l2_norm: False
  layer_norm: True
  layer_type: SparseNodeTransformer
  layers: 2
  layers_post_gt: 2
  layers_pre_gt: 0
  pna_degrees: []
  residual: Fixed
  virtual_nodes: 0
mem:
  inplace: False
metric_agg: argmax
metric_best: f1
model:
  edge_decoding: dot
  graph_pooling: mean
  loss_fun: weighted_cross_entropy
  loss_fun_weight: [1, 6]
  match_upper: True
  size_average: mean
  thresh: 0.5
  type: GTModel
name_tag: 
num_threads: 24
num_workers: 18
optim:
  base_lr: 0.001
  batch_accumulation: 8
  clip_grad_norm: True
  clip_grad_norm_value: 1.0
  lr_decay: 0.1
  max_epoch: 500
  min_lr: 0.0
  momentum: 0.9
  num_warmup_epochs: 5
  optimizer: adamW
  reduce_factor: 0.1
  schedule_patience: 10
  scheduler: cosine_with_warmup
  steps: [30, 60, 90]
  weight_decay: 1e-05
out_dir: ./results/AML-Small-HI/AML-Small-HI-SparseNodeGT+ports+Ego
posenc_ElstaticSE:
  dim_pe: 16
  enable: False
  kernel:
    times: []
    times_func: range(10)
  layers: 3
  model: none
  n_heads: 4
  pass_as_var: False
  post_layers: 0
  raw_norm_type: none
posenc_EquivStableLapPE:
  eigen:
    eigvec_norm: L2
    laplacian_norm: sym
    max_freqs: 10
  enable: False
  raw_norm_type: none
posenc_HKdiagSE:
  dim_pe: 16
  enable: False
  kernel:
    times: []
    times_func: 
  layers: 3
  model: none
  n_heads: 4
  pass_as_var: False
  post_layers: 0
  raw_norm_type: none
posenc_Hetero_ComplEx:
  dim_pe: 16
  enable: False
  layers: 3
  model: none
  n_heads: 4
  pass_as_var: False
  post_layers: 0
  raw_norm_type: none
posenc_Hetero_DistMult:
  dim_pe: 16
  enable: False
  layers: 3
  model: none
  n_heads: 4
  pass_as_var: False
  post_layers: 0
  raw_norm_type: none
posenc_Hetero_GNN:
  act: relu
  agg: mean
  attn_dropout: 0.0
  batch_norm: False
  dim_pe: 16
  dropout: 0.0
  enable: False
  input_dropout: 0.0
  layer_norm: False
  layers: 3
  model: none
  n_heads: 4
  pass_as_var: False
  post_layers: 0
  pre_layers: 0
  raw_norm_type: none
posenc_Hetero_Label:
  dim_pe: 16
  enable: False
  layers: 3
  model: none
  n_heads: 4
  pass_as_var: False
  post_layers: 0
  raw_norm_type: none
posenc_Hetero_Metapath:
  dim_pe: 16
  enable: False
  layers: 3
  model: none
  n_heads: 4
  pass_as_var: False
  post_layers: 0
  raw_norm_type: none
posenc_Hetero_Node2Vec:
  dim_pe: 16
  enable: False
  layers: 3
  model: none
  n_heads: 4
  pass_as_var: False
  post_layers: 0
  raw_norm_type: none
posenc_Hetero_RWSE:
  dim_pe: 16
  enable: False
  kernel:
    times: []
    times_func: 
  layers: 3
  model: none
  n_heads: 4
  pass_as_var: False
  post_layers: 0
  raw_norm_type: none
posenc_Hetero_SDAB:
  dim_pe: 0
  enable: False
  enable_path: False
  node_degrees_only: False
  num_spatial_types: 0
posenc_Hetero_SDPE:
  dim_pe: 0
  enable: False
  num_spatial_types: 0
posenc_Hetero_TransE:
  dim_pe: 16
  enable: False
  layers: 3
  model: none
  n_heads: 4
  pass_as_var: False
  post_layers: 0
  raw_norm_type: none
posenc_Hetero_kHopAB:
  dim_pe: 0
  enable: False
  num_spatial_types: 0
posenc_Hetero_kHopAug:
  dim_pe: 0
  enable: False
  num_spatial_types: 0
posenc_Homo_GNN:
  act: relu
  agg: mean
  attn_dropout: 0.0
  batch_norm: False
  dim_pe: 16
  dropout: 0.0
  enable: False
  input_dropout: 0.0
  layer_norm: False
  layers: 3
  model: none
  n_heads: 4
  pass_as_var: False
  post_layers: 0
  pre_layers: 0
  raw_norm_type: none
posenc_LapPE:
  dim_pe: 16
  eigen:
    eigvec_norm: L2
    laplacian_norm: sym
    max_freqs: 10
  enable: False
  layers: 3
  model: none
  n_heads: 4
  pass_as_var: False
  post_layers: 0
  raw_norm_type: none
posenc_RWSE:
  dim_pe: 16
  enable: False
  kernel:
    times: []
    times_func: 
  layers: 3
  model: none
  n_heads: 4
  pass_as_var: False
  post_layers: 0
  raw_norm_type: none
posenc_SignNet:
  dim_pe: 16
  eigen:
    eigvec_norm: L2
    laplacian_norm: sym
    max_freqs: 10
  enable: False
  layers: 3
  model: none
  n_heads: 4
  pass_as_var: False
  phi_hidden_dim: 64
  phi_out_dim: 4
  post_layers: 0
  raw_norm_type: none
pretrained:
  dir: 
  freeze_main: False
  reset_prediction_head: True
print: both
round: 5
run_dir: ./results/AML-Small-HI/AML-Small-HI-SparseNodeGT+ports+Ego/42
run_id: 42
run_multiple_splits: []
seed: 42
share:
  dim_in:
    node: 1
    node__to__node: 6
  dim_out: 2
  num_splits: 3
tensorboard_agg: True
tensorboard_each_run: False
train:
  add_ego_id: True
  auto_resume: True
  batch_size: 2048
  ckpt_best: False
  ckpt_clean: True
  ckpt_period: 2
  enable_ckpt: True
  epoch_resume: -1
  eval_period: 4
  iter_per_epoch: 256
  mode: custom
  neighbor_sizes: [50, 50]
  neighbor_sizes_dict: 
  node_per_graph: 32
  num_parts: 10
  persistent_workers: True
  pin_memory: True
  radius: extend
  sample_node: False
  sampler: link_neighbor
  skip_train_eval: False
  tqdm: True
  walk_length: 4
val:
  iter_per_epoch: 256
  node_per_graph: 32
  radius: extend
  sample_node: False
  sampler: link_neighbor
  tqdm: True
view_emb: False
wandb:
  entity: junhonghust
  name: 
  project: unifiedGT
  use: False
Num parameters: 182569
Start from epoch 10
train: {'epoch': 10, 'time_epoch': 69.08255, 'eta': 3071.03357, 'eta_hours': 0.85306, 'loss': 0.01915806, 'lr': 0.00099975, 'params': 182569, 'time_iter': 0.26985, 'accuracy': 0.99919, 'precision': 0.34959, 'recall': 0.11111, 'f1': 0.16863, 'macro-f1': 0.58411, 'micro-f1': 0.99919, 'auc': 0.93442}
val: {'epoch': 10, 'time_epoch': 18.67551, 'loss': 0.02758772, 'lr': 0, 'params': 182569, 'time_iter': 0.07295, 'accuracy': 0.99899, 'precision': 0.55602, 'recall': 0.24057, 'f1': 0.33584, 'macro-f1': 0.66767, 'micro-f1': 0.99899, 'auc': 0.91607}
test: {'epoch': 10, 'time_epoch': 21.68929, 'loss': 0.03345874, 'lr': 0, 'params': 182569, 'time_iter': 0.08472, 'accuracy': 0.99845, 'precision': 0.63262, 'recall': 0.39752, 'f1': 0.48824, 'macro-f1': 0.74373, 'micro-f1': 0.99845, 'auc': 0.95252}
> Epoch 10: took 139.6s (avg 139.6s) | Best so far: epoch 0	train_loss: 0.0192 train_f1: 0.1686	val_loss: 0.0276 val_f1: 0.3358	test_loss: 0.0335 test_f1: 0.4882
train: {'epoch': 11, 'time_epoch': 70.06636, 'eta': 5658.72252, 'eta_hours': 1.57187, 'loss': 0.0215665, 'lr': 0.00099964, 'params': 182569, 'time_iter': 0.2737, 'accuracy': 0.99905, 'precision': 0.37963, 'recall': 0.18427, 'f1': 0.24811, 'macro-f1': 0.62382, 'micro-f1': 0.99905, 'auc': 0.93317}
val: {'epoch': 11, 'time_epoch': 20.04036, 'loss': 0.02004321, 'lr': 0, 'params': 182569, 'time_iter': 0.07828, 'accuracy': 0.99832, 'precision': 0.28496, 'recall': 0.38919, 'f1': 0.32902, 'macro-f1': 0.66409, 'micro-f1': 0.99832, 'auc': 0.97069}
test: {'epoch': 11, 'time_epoch': 20.76753, 'loss': 0.02698224, 'lr': 0, 'params': 182569, 'time_iter': 0.08112, 'accuracy': 0.99754, 'precision': 0.37971, 'recall': 0.51139, 'f1': 0.43582, 'macro-f1': 0.71729, 'micro-f1': 0.99754, 'auc': 0.97537}
> Epoch 11: took 143.4s (avg 141.5s) | Best so far: epoch 0	train_loss: 0.0192 train_f1: 0.1686	val_loss: 0.0276 val_f1: 0.3358	test_loss: 0.0335 test_f1: 0.4882
train: {'epoch': 12, 'time_epoch': 70.77889, 'eta': 7864.21865, 'eta_hours': 2.18451, 'loss': 0.0178144, 'lr': 0.00099951, 'params': 182569, 'time_iter': 0.27648, 'accuracy': 0.99914, 'precision': 0.38976, 'recall': 0.24937, 'f1': 0.30415, 'macro-f1': 0.65186, 'micro-f1': 0.99914, 'auc': 0.94345}
train: {'epoch': 13, 'time_epoch': 70.43365, 'eta': 9732.54772, 'eta_hours': 2.70349, 'loss': 0.01921998, 'lr': 0.00099936, 'params': 182569, 'time_iter': 0.27513, 'accuracy': 0.999, 'precision': 0.30795, 'recall': 0.22738, 'f1': 0.2616, 'macro-f1': 0.63055, 'micro-f1': 0.999, 'auc': 0.93496}
train: {'epoch': 14, 'time_epoch': 70.90819, 'eta': 11357.71873, 'eta_hours': 3.15492, 'loss': 0.01699889, 'lr': 0.00099918, 'params': 182569, 'time_iter': 0.27699, 'accuracy': 0.99913, 'precision': 0.43333, 'recall': 0.31325, 'f1': 0.36364, 'macro-f1': 0.6816, 'micro-f1': 0.99913, 'auc': 0.95467}
train: {'epoch': 15, 'time_epoch': 70.69491, 'eta': 12764.42813, 'eta_hours': 3.54567, 'loss': 0.01572783, 'lr': 0.00099899, 'params': 182569, 'time_iter': 0.27615, 'accuracy': 0.9991, 'precision': 0.37267, 'recall': 0.30612, 'f1': 0.33613, 'macro-f1': 0.66784, 'micro-f1': 0.9991, 'auc': 0.9579}
val: {'epoch': 15, 'time_epoch': 19.1259, 'loss': 0.01781846, 'lr': 0, 'params': 182569, 'time_iter': 0.07471, 'accuracy': 0.99905, 'precision': 0.57106, 'recall': 0.40036, 'f1': 0.47071, 'macro-f1': 0.73512, 'micro-f1': 0.99905, 'auc': 0.96366}
test: {'epoch': 15, 'time_epoch': 21.72563, 'loss': 0.02187456, 'lr': 0, 'params': 182569, 'time_iter': 0.08487, 'accuracy': 0.99836, 'precision': 0.55872, 'recall': 0.51417, 'f1': 0.53552, 'macro-f1': 0.76735, 'micro-f1': 0.99836, 'auc': 0.97549}
> Epoch 15: took 142.4s (avg 106.5s) | Best so far: epoch 5	train_loss: 0.0157 train_f1: 0.3361	val_loss: 0.0178 val_f1: 0.4707	test_loss: 0.0219 test_f1: 0.5355
GPU Mem: [3]
Greedy select GPU, select GPU 0 with mem: 3
[*] Run ID 42: seed=42, split_index=0
    Starting now: 2026-06-27 06:04:32.093777
[*] Loaded dataset 'Small-HI' from 'AML':
  HeteroData(
  node={
    x=[515088, 1],
    num_nodes=515088,
  },
  (node, to, node)={
    edge_index=[2, 3248921],
    edge_attr=[3248921, 6],
    y=[3248921],
    timestamps=[3248921],
    split_mask=[3248921],
  }
)
  num graphs: 3
  avg num_nodes/graph: 171696
  num node features: {'node': 1}
  num edge features: {('node', 'to', 'node'): 6}
GTModel(
  (input_drop): Dropout(p=0.0, inplace=False)
  (activation): GELU(approximate='none')
  (encoder): FeatureEncoder(
    (node_encoder): HeteroRawNodeEncoder(
      (linear): ModuleDict(
        (node): Linear(in_features=2, out_features=64, bias=True)
      )
      (encoder): ModuleDict()
    )
    (edge_encoder): HeteroRawEdgeEncoder(
      (linear): ModuleDict(
        (node__to__node): Linear(in_features=6, out_features=64, bias=True)
      )
    )
  )
  (convs): ModuleList(
    (0-1): 2 x GTLayer(
      (activation): GELU(approximate='none')
      (skip_local): ParameterDict(  (node): Parameter containing: [torch.cuda.FloatTensor of size 1 (cuda:0)])
      (skip_global): ParameterDict(  (node): Parameter containing: [torch.cuda.FloatTensor of size 1 (cuda:0)])
      (k_lin): ModuleDict(
        (node): Linear(64, 64, bias=True)
      )
      (q_lin): ModuleDict(
        (node): Linear(64, 64, bias=True)
      )
      (v_lin): ModuleDict(
        (node): Linear(64, 64, bias=True)
      )
      (e_lin): ModuleDict(
        (node__to__node): Linear(64, 64, bias=True)
      )
      (g_lin): ModuleDict(
        (node__to__node): Linear(64, 64, bias=True)
      )
      (oe_lin): ModuleDict(
        (node__to__node): Linear(64, 64, bias=True)
      )
      (o_lin): ModuleDict(
        (node): Linear(64, 64, bias=True)
      )
      (norm1_local): ModuleDict(
        (node): LayerNorm((64,), eps=1e-05, elementwise_affine=True)
      )
      (norm1_global): ModuleDict(
        (node): LayerNorm((64,), eps=1e-05, elementwise_affine=True)
      )
      (norm2_ffn): ModuleDict(
        (node): LayerNorm((64,), eps=1e-05, elementwise_affine=True)
      )
      (project): ModuleDict(
        (node): Linear(128, 64, bias=True)
      )
      (norm1_edge_local): ModuleDict(
        (node__to__node): LayerNorm((64,), eps=1e-05, elementwise_affine=True)
      )
      (norm1_edge_global): ModuleDict(
        (node__to__node): LayerNorm((64,), eps=1e-05, elementwise_affine=True)
      )
      (norm2_edge_ffn): ModuleDict()
      (dropout_local): Dropout(p=0.2, inplace=False)
      (dropout_global): Dropout(p=0.2, inplace=False)
      (dropout_attn): Dropout(p=0.3, inplace=False)
      (ff_linear1_type): ModuleDict(
        (node): Linear(in_features=64, out_features=128, bias=True)
      )
      (ff_linear2_type): ModuleDict(
        (node): Linear(in_features=128, out_features=64, bias=True)
      )
      (ff_linear1_edge_type): ModuleDict(
        (node__to__node): Linear(in_features=64, out_features=128, bias=True)
      )
      (ff_linear2_edge_type): ModuleDict(
        (node__to__node): Linear(in_features=128, out_features=64, bias=True)
      )
      (ff_dropout1): Dropout(p=0.2, inplace=False)
      (ff_dropout2): Dropout(p=0.2, inplace=False)
    )
  )
  (norms): ModuleList(
    (0-1): 2 x ModuleDict(
      (node): LayerNorm((64,), eps=1e-05, elementwise_affine=True)
    )
  )
  (post_gt): HeteroGNNEdgeHead(
    (layer_post_mp): MLP(
      (model): Sequential(
        (0): GeneralMultiLayer(
          (Layer_0): GeneralLayer(
            (layer): Linear(
              (model): Linear(in_features=192, out_features=192, bias=True)
            )
            (post_layer): Sequential(
              (0): Dropout(p=0.2, inplace=False)
              (1): ReLU()
            )
          )
        )
        (1): Linear(
          (model): Linear(in_features=192, out_features=1, bias=True)
        )
      )
    )
  )
)
bn:
  eps: 1e-05
  mom: 0.1
cfg_dest: config.yaml
custom_metrics: []
dataset:
  add_ports: True
  augment_feature: []
  augment_feature_dims: []
  augment_feature_repr: original
  augment_label: 
  augment_label_dims: 0
  cache_load: False
  cache_save: False
  dir: ./data
  edge_dim: 128
  edge_encoder: True
  edge_encoder_bn: False
  edge_encoder_name: Hetero_Raw
  edge_encoder_num_types: 0
  edge_message_ratio: 0.8
  edge_negative_sampling_ratio: 1.0
  edge_train_mode: all
  encoder: True
  encoder_bn: True
  encoder_dim: 128
  encoder_name: db
  format: AML
  infer_link_label: None
  label_column: none
  label_table: none
  location: local
  name: Small-HI
  node_encoder: True
  node_encoder_bn: False
  node_encoder_name: Hetero_Raw
  node_encoder_num_types: 0
  rand_split: False
  remove_feature: False
  resample_disjoint: False
  resample_negative: False
  reverse_mp: False
  shuffle_split: True
  slic_compactness: 10
  split: [0.8, 0.1, 0.1]
  split_dir: ./splits
  split_index: 0
  split_mode: standard
  task: hetero_edge
  task_entity: ('node', 'to', 'node')
  task_type: classification
  to_undirected: False
  transductive: True
  transform: none
  tu_simple: True
device: cuda:0
example_arg: example
example_group:
  example_arg: example
gnn:
  A_embed: True
  K: 10
  act: relu
  agg: add
  alpha: 0.1
  attn_dropout: 0.0
  attn_final_linear: False
  attn_final_linear_bn: False
  attn_heads: 1
  batch_norm: False
  batchnorm: False
  clear_feature: True
  dim_edge: 64
  dim_inner: 16
  dropout: 0.2
  edge_updates: False
  flow: source_to_target
  head: hetero_edge
  hops: 7
  input_dropout: 0.0
  jumping_knowledge: False
  keep_edge: 0.5
  l2norm: True
  layer_norm: False
  layer_type: generalconv
  layers_mp: 2
  layers_post_mp: 1
  layers_pre_mp: 0
  msg_direction: single
  normalize_adj: False
  output_l2_norm: False
  residual: True
  self_msg: concat
  skip_every: 1
  stage_type: stack
  use_linear: False
gpu_mem: False
gt:
  act: gelu
  attn_dropout: 0.3
  attn_heads: 8
  attn_mask: Edge
  batch_norm: False
  dim_hidden: 64
  dropout: 0.2
  edge_weight: True
  ffn: Type
  full_graph: True
  gamma: 1e-05
  head: hetero_edge
  hops: 2
  input_dropout: 0.0
  jumping_knowledge: False
  l2_norm: False
  layer_norm: True
  layer_type: SparseNodeTransformer
  layers: 2
  layers_post_gt: 2
  layers_pre_gt: 0
  pna_degrees: []
  residual: Fixed
  virtual_nodes: 0
mem:
  inplace: False
metric_agg: argmax
metric_best: f1
model:
  edge_decoding: dot
  graph_pooling: mean
  loss_fun: weighted_cross_entropy
  loss_fun_weight: [1, 6]
  match_upper: True
  size_average: mean
  thresh: 0.5
  type: GTModel
name_tag: 
num_threads: 24
num_workers: 18
optim:
  base_lr: 0.001
  batch_accumulation: 8
  clip_grad_norm: True
  clip_grad_norm_value: 1.0
  lr_decay: 0.1
  max_epoch: 500
  min_lr: 0.0
  momentum: 0.9
  num_warmup_epochs: 5
  optimizer: adamW
  reduce_factor: 0.1
  schedule_patience: 10
  scheduler: cosine_with_warmup
  steps: [30, 60, 90]
  weight_decay: 1e-05
out_dir: ./results/AML-Small-HI/AML-Small-HI-SparseNodeGT+ports+Ego
posenc_ElstaticSE:
  dim_pe: 16
  enable: False
  kernel:
    times: []
    times_func: range(10)
  layers: 3
  model: none
  n_heads: 4
  pass_as_var: False
  post_layers: 0
  raw_norm_type: none
posenc_EquivStableLapPE:
  eigen:
    eigvec_norm: L2
    laplacian_norm: sym
    max_freqs: 10
  enable: False
  raw_norm_type: none
posenc_HKdiagSE:
  dim_pe: 16
  enable: False
  kernel:
    times: []
    times_func: 
  layers: 3
  model: none
  n_heads: 4
  pass_as_var: False
  post_layers: 0
  raw_norm_type: none
posenc_Hetero_ComplEx:
  dim_pe: 16
  enable: False
  layers: 3
  model: none
  n_heads: 4
  pass_as_var: False
  post_layers: 0
  raw_norm_type: none
posenc_Hetero_DistMult:
  dim_pe: 16
  enable: False
  layers: 3
  model: none
  n_heads: 4
  pass_as_var: False
  post_layers: 0
  raw_norm_type: none
posenc_Hetero_GNN:
  act: relu
  agg: mean
  attn_dropout: 0.0
  batch_norm: False
  dim_pe: 16
  dropout: 0.0
  enable: False
  input_dropout: 0.0
  layer_norm: False
  layers: 3
  model: none
  n_heads: 4
  pass_as_var: False
  post_layers: 0
  pre_layers: 0
  raw_norm_type: none
posenc_Hetero_Label:
  dim_pe: 16
  enable: False
  layers: 3
  model: none
  n_heads: 4
  pass_as_var: False
  post_layers: 0
  raw_norm_type: none
posenc_Hetero_Metapath:
  dim_pe: 16
  enable: False
  layers: 3
  model: none
  n_heads: 4
  pass_as_var: False
  post_layers: 0
  raw_norm_type: none
posenc_Hetero_Node2Vec:
  dim_pe: 16
  enable: False
  layers: 3
  model: none
  n_heads: 4
  pass_as_var: False
  post_layers: 0
  raw_norm_type: none
posenc_Hetero_RWSE:
  dim_pe: 16
  enable: False
  kernel:
    times: []
    times_func: 
  layers: 3
  model: none
  n_heads: 4
  pass_as_var: False
  post_layers: 0
  raw_norm_type: none
posenc_Hetero_SDAB:
  dim_pe: 0
  enable: False
  enable_path: False
  node_degrees_only: False
  num_spatial_types: 0
posenc_Hetero_SDPE:
  dim_pe: 0
  enable: False
  num_spatial_types: 0
posenc_Hetero_TransE:
  dim_pe: 16
  enable: False
  layers: 3
  model: none
  n_heads: 4
  pass_as_var: False
  post_layers: 0
  raw_norm_type: none
posenc_Hetero_kHopAB:
  dim_pe: 0
  enable: False
  num_spatial_types: 0
posenc_Hetero_kHopAug:
  dim_pe: 0
  enable: False
  num_spatial_types: 0
posenc_Homo_GNN:
  act: relu
  agg: mean
  attn_dropout: 0.0
  batch_norm: False
  dim_pe: 16
  dropout: 0.0
  enable: False
  input_dropout: 0.0
  layer_norm: False
  layers: 3
  model: none
  n_heads: 4
  pass_as_var: False
  post_layers: 0
  pre_layers: 0
  raw_norm_type: none
posenc_LapPE:
  dim_pe: 16
  eigen:
    eigvec_norm: L2
    laplacian_norm: sym
    max_freqs: 10
  enable: False
  layers: 3
  model: none
  n_heads: 4
  pass_as_var: False
  post_layers: 0
  raw_norm_type: none
posenc_RWSE:
  dim_pe: 16
  enable: False
  kernel:
    times: []
    times_func: 
  layers: 3
  model: none
  n_heads: 4
  pass_as_var: False
  post_layers: 0
  raw_norm_type: none
posenc_SignNet:
  dim_pe: 16
  eigen:
    eigvec_norm: L2
    laplacian_norm: sym
    max_freqs: 10
  enable: False
  layers: 3
  model: none
  n_heads: 4
  pass_as_var: False
  phi_hidden_dim: 64
  phi_out_dim: 4
  post_layers: 0
  raw_norm_type: none
pretrained:
  dir: 
  freeze_main: False
  reset_prediction_head: True
print: both
round: 5
run_dir: ./results/AML-Small-HI/AML-Small-HI-SparseNodeGT+ports+Ego/42
run_id: 42
run_multiple_splits: []
seed: 42
share:
  dim_in:
    node: 1
    node__to__node: 6
  dim_out: 2
  num_splits: 3
tensorboard_agg: True
tensorboard_each_run: False
train:
  add_ego_id: True
  auto_resume: True
  batch_size: 2048
  ckpt_best: False
  ckpt_clean: True
  ckpt_period: 2
  enable_ckpt: True
  epoch_resume: -1
  eval_period: 4
  iter_per_epoch: 256
  mode: custom
  neighbor_sizes: [50, 50]
  neighbor_sizes_dict: 
  node_per_graph: 32
  num_parts: 10
  persistent_workers: True
  pin_memory: True
  radius: extend
  sample_node: False
  sampler: link_neighbor
  skip_train_eval: False
  tqdm: True
  walk_length: 4
val:
  iter_per_epoch: 256
  node_per_graph: 32
  radius: extend
  sample_node: False
  sampler: link_neighbor
  tqdm: True
view_emb: False
wandb:
  entity: junhonghust
  name: 
  project: unifiedGT
  use: False
Num parameters: 182569
Start from epoch 16
train: {'epoch': 16, 'time_epoch': 69.14017, 'eta': 1964.39422, 'eta_hours': 0.54567, 'loss': 0.01653778, 'lr': 0.00099878, 'params': 182569, 'time_iter': 0.27008, 'accuracy': 0.99913, 'precision': 0.39062, 'recall': 0.323, 'f1': 0.35361, 'macro-f1': 0.67659, 'micro-f1': 0.99913, 'auc': 0.95269}
val: {'epoch': 16, 'time_epoch': 18.90111, 'loss': 0.0201141, 'lr': 0, 'params': 182569, 'time_iter': 0.07383, 'accuracy': 0.99907, 'precision': 0.60542, 'recall': 0.36086, 'f1': 0.45219, 'macro-f1': 0.72586, 'micro-f1': 0.99907, 'auc': 0.95499}
test: {'epoch': 16, 'time_epoch': 22.10006, 'loss': 0.02280828, 'lr': 0, 'params': 182569, 'time_iter': 0.08633, 'accuracy': 0.99875, 'precision': 0.72597, 'recall': 0.52381, 'f1': 0.60854, 'macro-f1': 0.80396, 'micro-f1': 0.99875, 'auc': 0.97083}
> Epoch 16: took 141.0s (avg 141.0s) | Best so far: epoch 0	train_loss: 0.0165 train_f1: 0.3536	val_loss: 0.0201 val_f1: 0.4522	test_loss: 0.0228 test_f1: 0.6085
train: {'epoch': 17, 'time_epoch': 69.90777, 'eta': 3723.39476, 'eta_hours': 1.03428, 'loss': 0.01631242, 'lr': 0.00099855, 'params': 182569, 'time_iter': 0.27308, 'accuracy': 0.99912, 'precision': 0.47138, 'recall': 0.31461, 'f1': 0.37736, 'macro-f1': 0.68846, 'micro-f1': 0.99912, 'auc': 0.9573}
train: {'epoch': 18, 'time_epoch': 70.56749, 'eta': 5306.58, 'eta_hours': 1.47405, 'loss': 0.01426963, 'lr': 0.0009983, 'params': 182569, 'time_iter': 0.27565, 'accuracy': 0.99918, 'precision': 0.45231, 'recall': 0.37028, 'f1': 0.4072, 'macro-f1': 0.7034, 'micro-f1': 0.99918, 'auc': 0.96802}
train: {'epoch': 19, 'time_epoch': 70.53401, 'eta': 6723.58637, 'eta_hours': 1.86766, 'loss': 0.01509692, 'lr': 0.00099803, 'params': 182569, 'time_iter': 0.27552, 'accuracy': 0.99911, 'precision': 0.41538, 'recall': 0.33007, 'f1': 0.36785, 'macro-f1': 0.6837, 'micro-f1': 0.99911, 'auc': 0.96145}
val: {'epoch': 19, 'time_epoch': 19.3094, 'loss': 0.01465561, 'lr': 0, 'params': 182569, 'time_iter': 0.07543, 'accuracy': 0.99904, 'precision': 0.55446, 'recall': 0.5045, 'f1': 0.5283, 'macro-f1': 0.76391, 'micro-f1': 0.99904, 'auc': 0.98209}
test: {'epoch': 19, 'time_epoch': 21.91028, 'loss': 0.01846384, 'lr': 0, 'params': 182569, 'time_iter': 0.08559, 'accuracy': 0.99844, 'precision': 0.57196, 'recall': 0.63354, 'f1': 0.60118, 'macro-f1': 0.8002, 'micro-f1': 0.99844, 'auc': 0.98773}
> Epoch 19: took 142.6s (avg 106.2s) | Best so far: epoch 3	train_loss: 0.0151 train_f1: 0.3679	val_loss: 0.0147 val_f1: 0.5283	test_loss: 0.0185 test_f1: 0.6012
train: {'epoch': 20, 'time_epoch': 71.2068, 'eta': 8014.26831, 'eta_hours': 2.22619, 'loss': 0.01467374, 'lr': 0.00099774, 'params': 182569, 'time_iter': 0.27815, 'accuracy': 0.99919, 'precision': 0.48276, 'recall': 0.37108, 'f1': 0.41962, 'macro-f1': 0.70961, 'micro-f1': 0.99919, 'auc': 0.9692}
train: {'epoch': 21, 'time_epoch': 70.94935, 'eta': 9175.54858, 'eta_hours': 2.54876, 'loss': 0.01376595, 'lr': 0.00099742, 'params': 182569, 'time_iter': 0.27715, 'accuracy': 0.99918, 'precision': 0.43648, 'recall': 0.34184, 'f1': 0.3834, 'macro-f1': 0.6915, 'micro-f1': 0.99918, 'auc': 0.97092}
